<?xml version="1.0" encoding="UTF-8"?>
<!-- Generated by org.testng.reporters.JUnitReportReporter -->
<testsuite hostname="DESKTOP-0SDSHUM" failures="0" tests="1" name="assessment_gorest.GETListOfUsers" time="4.270" errors="0" timestamp="2022-10-13T15:26:22 IST" skipped="0">
  <testcase classname="assessment_gorest.GETListOfUsers" name="getResourceList" time="4.270"/>
  <system-out/>
</testsuite> <!-- assessment_gorest.GETListOfUsers -->
