<?xml version="1.0" encoding="UTF-8"?>
<!-- Generated by org.testng.reporters.JUnitReportReporter -->
<testsuite hostname="DESKTOP-0SDSHUM" failures="0" tests="1" name="assessment_gorest.GETUserList" time="5.091" errors="0" timestamp="2022-10-13T14:51:16 IST" skipped="0">
  <testcase classname="assessment_gorest.GETUserList" name="getResourceList" time="5.091"/>
  <system-out/>
</testsuite> <!-- assessment_gorest.GETUserList -->
