<?xml version="1.0" encoding="UTF-8"?>
<!-- Generated by org.testng.reporters.JUnitReportReporter -->
<testsuite hostname="DESKTOP-0SDSHUM" failures="0" tests="1" name="assessment_gorest.ADDUser" time="6.289" errors="0" timestamp="2022-10-13T15:33:29 IST" skipped="0">
  <testcase classname="assessment_gorest.ADDUser" name="createResource" time="6.289"/>
  <system-out/>
</testsuite> <!-- assessment_gorest.ADDUser -->
