<?xml version="1.0" encoding="UTF-8"?>
<!-- Generated by org.testng.reporters.JUnitReportReporter -->
<testsuite hostname="DESKTOP-0SDSHUM" failures="0" tests="1" name="assessment_gorest.GETUsersList" time="6.090" errors="0" timestamp="2022-10-13T13:32:50 IST" skipped="0">
  <testcase classname="assessment_gorest.GETUsersList" name="getResource" time="6.090"/>
  <system-out/>
</testsuite> <!-- assessment_gorest.GETUsersList -->
